<?xml version="1.0" encoding="UTF-8"?>
<testng-results ignored="0" total="1" passed="1" failed="0" skipped="0">
  <reporter-output>
  </reporter-output>
  <suite started-at="2023-05-26T16:17:57 IST" name="Surefire suite" finished-at="2023-05-26T16:18:09 IST" duration-ms="11889">
    <groups>
    </groups>
    <test started-at="2023-05-26T16:17:57 IST" name="Surefire test" finished-at="2023-05-26T16:18:09 IST" duration-ms="11889">
      <class name="com.Aautomation.Test.TestClass1">
        <test-method is-config="true" signature="launchBrowser()[pri:0, instance:com.Aautomation.Test.TestClass1@366647c2]" started-at="2023-05-26T16:17:57 IST" name="launchBrowser" finished-at="2023-05-26T16:18:03 IST" duration-ms="6198" status="PASS">
          <reporter-output>
          </reporter-output>
        </test-method> <!-- launchBrowser -->
        <test-method signature="Test1()[pri:1, instance:com.Aautomation.Test.TestClass1@366647c2]" started-at="2023-05-26T16:18:04 IST" name="Test1" finished-at="2023-05-26T16:18:06 IST" duration-ms="2950" status="PASS">
          <reporter-output>
          </reporter-output>
        </test-method> <!-- Test1 -->
        <test-method is-config="true" signature="Test2()[pri:0, instance:com.Aautomation.Test.TestClass1@366647c2]" started-at="2023-05-26T16:18:06 IST" name="Test2" finished-at="2023-05-26T16:18:09 IST" duration-ms="2705" status="PASS">
          <reporter-output>
          </reporter-output>
        </test-method> <!-- Test2 -->
      </class> <!-- com.Aautomation.Test.TestClass1 -->
    </test> <!-- Surefire test -->
  </suite> <!-- Surefire suite -->
</testng-results>
