<?xml version="1.0" encoding="UTF-8"?>
<testng-results ignored="0" total="1" passed="1" failed="0" skipped="0">
  <reporter-output>
  </reporter-output>
  <suite started-at="2023-05-26T16:44:16 IST" name="Default suite" finished-at="2023-05-26T16:44:27 IST" duration-ms="11050">
    <groups>
    </groups>
    <test started-at="2023-05-26T16:44:16 IST" name="Default test" finished-at="2023-05-26T16:44:27 IST" duration-ms="11050">
      <class name="com.Aautomation.Test.TestClass2">
        <test-method is-config="true" signature="launchBrowser()[pri:0, instance:com.Aautomation.Test.TestClass2@1a942c18]" started-at="2023-05-26T16:44:16 IST" name="launchBrowser" finished-at="2023-05-26T16:44:21 IST" duration-ms="5203" status="PASS">
          <reporter-output>
          </reporter-output>
        </test-method> <!-- launchBrowser -->
        <test-method signature="Test1()[pri:1, instance:com.Aautomation.Test.TestClass2@1a942c18]" started-at="2023-05-26T16:44:21 IST" name="Test1" finished-at="2023-05-26T16:44:24 IST" duration-ms="3000" status="PASS">
          <reporter-output>
          </reporter-output>
        </test-method> <!-- Test1 -->
        <test-method is-config="true" signature="Test2()[pri:0, instance:com.Aautomation.Test.TestClass2@1a942c18]" started-at="2023-05-26T16:44:24 IST" name="Test2" finished-at="2023-05-26T16:44:27 IST" duration-ms="2802" status="PASS">
          <reporter-output>
          </reporter-output>
        </test-method> <!-- Test2 -->
      </class> <!-- com.Aautomation.Test.TestClass2 -->
    </test> <!-- Default test -->
  </suite> <!-- Default suite -->
</testng-results>
